#1 3 0.244131
100% 12 0.535662
buy 36 0.991161
cash 18 0.642080
cheap 5 0.213437
click 39 0.706447
deal 17 0.337375
discount 4 0.161107
free 66 1.080000
income 23 0.943304
limited 5 0.179505
money 97 2.408697
obligation 6 0.227450
pay 47 0.817612
promise 9 0.310483
purchase 6 0.195959
refund 0 0.000000
save 12 0.391918
urgent 8 0.379239
winner 0 0.000000
#1 3 0.244131
100% 12 0.535662
buy 36 0.991161
cash 18 0.642080
cheap 5 0.213437
click 39 0.706447
deal 17 0.337375
discount 4 0.161107
free 66 1.080000
income 23 0.943304
limited 5 0.179505
money 97 2.408697
obligation 6 0.227450
pay 47 0.817612
promise 9 0.310483
purchase 6 0.195959
refund 0 0.000000
save 12 0.391918
urgent 8 0.379239
winner 0 0.000000
#1 3 0.244131
100% 12 0.535662
buy 36 0.991161
cash 18 0.642080
cheap 5 0.213437
click 39 0.706447
deal 17 0.337375
discount 4 0.161107
free 66 1.080000
income 23 0.943304
limited 5 0.179505
money 97 2.408697
obligation 6 0.227450
pay 47 0.817612
promise 9 0.310483
purchase 6 0.195959
refund 0 0.000000
save 12 0.391918
urgent 8 0.379239
winner 0 0.000000
#1 3 0.244131
100% 12 0.535662
buy 36 0.991161
cash 18 0.642080
cheap 5 0.213437
click 39 0.706447
deal 17 0.337375
discount 4 0.161107
free 66 1.080000
income 23 0.943304
limited 5 0.179505
money 97 2.408697
obligation 6 0.227450
pay 47 0.817612
promise 9 0.310483
purchase 6 0.195959
refund 0 0.000000
save 12 0.391918
urgent 8 0.379239
winner 0 0.000000
#1 3 0.244131
100% 12 0.535662
buy 36 0.991161
cash 18 0.642080
cheap 5 0.213437
click 39 0.706447
deal 17 0.337375
discount 4 0.161107
free 66 1.080000
income 23 0.943304
limited 5 0.179505
money 97 2.408697
obligation 6 0.227450
pay 47 0.817612
promise 9 0.310483
purchase 6 0.195959
refund 0 0.000000
save 12 0.391918
urgent 8 0.379239
winner 0 0.000000
#1 3 0.244131
100% 12 0.535662
buy 36 0.991161
cash 18 0.642080
cheap 5 0.213437
click 39 0.706447
deal 17 0.337375
discount 4 0.161107
free 66 1.080000
income 23 0.943304
limited 5 0.179505
money 97 2.408697
obligation 6 0.227450
pay 47 0.817612
promise 9 0.310483
purchase 6 0.195959
refund 0 0.000000
save 12 0.391918
urgent 8 0.379239
winner 0 0.000000
